114
2 3
106 107
18 19
58 59
34 35
18 29
2 13
74 85
58 69
82 93
98 109
66 77
75 76
83 84
67 68
91 92
59 60
27 28
67 78
43 54
3 14
11 22
51 62
19 30
27 38
75 86
91 102
99 110
83 94
12 13
4 5
20 21
108 109
52 53
36 37
44 45
116 117
4 15
84 95
108 119
28 39
36 47
100 111
61 62
37 38
117 118
101 102
69 70
53 64
21 32
5 16
29 40
45 56
61 72
93 104
101 112
85 96
77 88
30 31
6 7
118 119
46 47
78 79
110 111
22 23
46 57
54 65
14 25
6 17
86 97
70 81
94 105
7 8
63 64
71 72
103 104
55 56
23 24
63 74
31 42
15 26
39 50
55 66
79 90
71 82
95 106
103 114
0 1
16 17
8 9
112 113
32 43
96 107
40 51
88 99
24 35
0 11
97 98
25 26
41 42
113 114
89 90
49 50
33 34
49 60
9 20
1 12
41 52
33 44
65 76
81 92
57 68
105 116
89 100
