84
50 51
74 75
78 79
6 7
14 15
30 31
26 27
22 23
38 39
82 83
118 119
106 107
102 103
98 109
74 85
106 117
50 61
46 57
102 113
78 89
34 45
22 33
39 40
7 8
15 16
19 20
35 36
23 24
63 64
47 48
55 56
95 96
119 120
111 112
71 72
67 68
47 58
31 42
19 30
35 46
27 38
107 118
83 94
71 82
59 70
8 9
84 85
96 97
104 105
116 117
80 81
112 113
44 45
64 75
52 63
84 95
40 51
44 55
48 59
92 103
100 111
68 79
56 67
57 58
41 42
5 6
25 26
97 98
93 94
69 70
33 34
13 14
61 72
25 36
41 52
9 20
5 16
13 24
109 120
105 116
93 104
89 100
69 80
81 92
