112
34 35
42 43
2 3
50 51
74 75
58 59
114 115
18 29
10 21
106 117
82 93
58 69
66 77
26 37
19 20
27 28
3 4
11 12
83 84
67 68
59 60
35 36
91 92
107 108
51 62
75 86
107 118
67 78
91 102
99 110
4 5
100 101
44 45
20 31
60 71
68 79
84 95
92 103
76 87
36 47
12 23
61 62
29 30
13 14
37 38
53 54
45 46
117 118
101 102
85 86
93 94
21 32
53 64
5 16
13 24
61 72
85 96
69 80
77 88
6 7
30 31
70 71
110 111
14 15
54 65
6 17
46 57
94 105
78 89
70 81
38 49
63 64
39 40
23 24
79 80
55 56
47 48
95 96
111 112
103 104
63 74
7 18
39 50
55 66
87 98
15 26
0 1
8 9
40 41
112 113
56 57
48 49
32 43
16 27
8 19
72 83
88 99
104 115
0 11
33 34
41 42
1 2
9 10
97 98
113 114
105 106
81 82
17 28
33 44
65 76
97 108
89 100
