92
50 51
6 7
2 3
26 27
22 23
62 63
74 75
86 87
78 79
110 111
30 31
46 47
34 35
50 61
74 85
98 109
62 73
106 117
102 113
78 89
39 40
15 16
3 4
11 12
27 28
71 72
47 48
79 80
83 84
119 120
107 108
111 112
103 104
91 92
99 100
115 116
31 42
15 26
7 18
11 22
87 98
19 30
23 34
43 54
107 118
91 102
99 110
20 21
16 17
4 5
8 9
60 61
112 113
68 69
56 57
36 37
24 25
64 75
40 51
60 71
28 39
72 83
92 103
108 119
104 115
52 63
8 19
24 35
32 43
41 42
1 2
5 6
17 18
53 54
85 86
117 118
105 106
45 46
53 64
73 84
41 52
37 48
25 36
45 56
109 120
9 20
1 12
21 32
105 116
89 100
69 80
57 68
